0 info it worked if it ends with ok
1 verbose cli [ 'C:\\Program Files\\nodejs\\node.exe',
1 verbose cli   'D:\\Users\\anzal.b\\AppData\\Roaming\\npm\\node_modules\\npm\\bin\\npm-cli.js',
1 verbose cli   'start' ]
2 info using npm@3.10.10
3 info using node@v8.1.2
4 verbose run-script [ 'prestart', 'start', 'poststart' ]
5 info lifecycle koneass@0.0.0~prestart: koneass@0.0.0
6 silly lifecycle koneass@0.0.0~prestart: no script for prestart, continuing
7 info lifecycle koneass@0.0.0~start: koneass@0.0.0
8 verbose lifecycle koneass@0.0.0~start: unsafe-perm in lifecycle true
9 verbose lifecycle koneass@0.0.0~start: PATH: D:\Users\anzal.b\AppData\Roaming\npm\node_modules\npm\bin\node-gyp-bin;D:\Project Work\koneAss\node_modules\.bin;C:\ProgramData\Oracle\Java\javapath;C:\Program Files\Docker\Docker\Resources\bin;C:\WINDOWS\system32;C:\WINDOWS;C:\WINDOWS\System32\Wbem;C:\WINDOWS\System32\WindowsPowerShell\v1.0\;C:\Windows\CCM;D:\code dump\myproject\BlockChain\GO\bin;C:\Program Files\nodejs\;D:\code dump\myproject\BlockChain\GIT\Git\cmd;C:\Program Files\Git\bin\sh.exe;C:\Program Files (x86)\Windows Kits\8.1\Windows Performance Toolkit\;C:\Go\bin;C:\TDM-GCC-64\bin;C:\Program Files\Java\jdk1.8.0_101\bin;D:\Project Work\Zookeeper\zookeeper-3.5.3-beta;\bin;C:\Program Files\MongoDB\Server\3.4\bin;C:\Program Files\Java\jdk1.8.0_101\bin;D:\Users\anzal.b\AppData\Local\atom\bin;D:\Users\anzal.b\AppData\Roaming\npm;C:\Program Files\MongoDB\Server\3.4\bin;C:\Program Files (x86)\Microsoft VS Code\bin;C:\Program Files\Git\bin;C:\GO\bin;C:\Program Files\Docker Toolbox;D:\Project Work\fabric-sample\fabric-samples\bin;;D:\fabric-samples\first-network;;C:\go\bin;D:\Users\anzal.b\Downloads\curl-7.55.1-win64-mingw\bin;;D:\Users\anzal.b\fabric-ca\server;D:\Users\anzal.b\TDM-GCC\bin;%ZOOPKEER_HOME%\bin;C:\Python27;C:\Python27\Lib\site-packages\;C:\Python27\Scripts\;
10 verbose lifecycle koneass@0.0.0~start: CWD: D:\Project Work\koneAss
11 silly lifecycle koneass@0.0.0~start: Args: [ '/d /s /c', 'node ./bin/www' ]
12 silly lifecycle koneass@0.0.0~start: Returned: code: 1  signal: null
13 info lifecycle koneass@0.0.0~start: Failed to exec start script
14 verbose stack Error: koneass@0.0.0 start: `node ./bin/www`
14 verbose stack Exit status 1
14 verbose stack     at EventEmitter.<anonymous> (D:\Users\anzal.b\AppData\Roaming\npm\node_modules\npm\lib\utils\lifecycle.js:255:16)
14 verbose stack     at emitTwo (events.js:125:13)
14 verbose stack     at EventEmitter.emit (events.js:213:7)
14 verbose stack     at ChildProcess.<anonymous> (D:\Users\anzal.b\AppData\Roaming\npm\node_modules\npm\lib\utils\spawn.js:40:14)
14 verbose stack     at emitTwo (events.js:125:13)
14 verbose stack     at ChildProcess.emit (events.js:213:7)
14 verbose stack     at maybeClose (internal/child_process.js:897:16)
14 verbose stack     at Process.ChildProcess._handle.onexit (internal/child_process.js:208:5)
15 verbose pkgid koneass@0.0.0
16 verbose cwd D:\Project Work\koneAss
17 error Windows_NT 10.0.10586
18 error argv "C:\\Program Files\\nodejs\\node.exe" "D:\\Users\\anzal.b\\AppData\\Roaming\\npm\\node_modules\\npm\\bin\\npm-cli.js" "start"
19 error node v8.1.2
20 error npm  v3.10.10
21 error code ELIFECYCLE
22 error koneass@0.0.0 start: `node ./bin/www`
22 error Exit status 1
23 error Failed at the koneass@0.0.0 start script 'node ./bin/www'.
23 error Make sure you have the latest version of node.js and npm installed.
23 error If you do, this is most likely a problem with the koneass package,
23 error not with npm itself.
23 error Tell the author that this fails on your system:
23 error     node ./bin/www
23 error You can get information on how to open an issue for this project with:
23 error     npm bugs koneass
23 error Or if that isn't available, you can get their info via:
23 error     npm owner ls koneass
23 error There is likely additional logging output above.
24 verbose exit [ 1, true ]
